La génération a démarré 10/02/2020 20:55:52.
Projet "C:\Documents and Settings\Administrateur\Mes documents\Visual Studio 2010\Projects\projet\projet\projet.vcxproj" sur le nœud 2 (build cible(s)).
InitializeBuildStatus:
  Création de "Release\projet.unsuccessfulbuild", car "AlwaysCreate" a été spécifié.
ClCompile:
  Toutes les sorties sont à jour.
  C:\Program Files\Microsoft Visual Studio 10.0\VC\bin\CL.exe /c /Zi /nologo /W3 /WX- /O2 /Oi /Oy- /GL /D WIN32 /D NDEBUG /D _CONSOLE /D _UNICODE /D UNICODE /Gm- /EHsc /MD /GS /Gy /fp:precise /Zc:wchar_t /Zc:forScope /Yu"StdAfx.h" /Fp"Release\projet.pch" /Fo"Release\\" /Fd"Release\vc100.pdb" /Gd /TP /analyze- /errorReport:prompt projet.cpp
  projet.cpp
projet.cpp(72): warning C4996: 'strcpy': This function or variable may be unsafe. Consider using strcpy_s instead. To disable deprecation, use _CRT_SECURE_NO_WARNINGS. See online help for details.
          C:\Program Files\Microsoft Visual Studio 10.0\VC\include\string.h(105) : voir la déclaration de 'strcpy'
projet.cpp(96): warning C4996: 'sprintf': This function or variable may be unsafe. Consider using sprintf_s instead. To disable deprecation, use _CRT_SECURE_NO_WARNINGS. See online help for details.
          C:\Program Files\Microsoft Visual Studio 10.0\VC\include\stdio.h(371) : voir la déclaration de 'sprintf'
Link:
  C:\Program Files\Microsoft Visual Studio 10.0\VC\bin\link.exe /ERRORREPORT:PROMPT /OUT:"C:\Documents and Settings\Administrateur\Mes documents\Visual Studio 2010\Projects\projet\Release\projet.exe" /INCREMENTAL:NO /NOLOGO kernel32.lib user32.lib gdi32.lib winspool.lib comdlg32.lib advapi32.lib shell32.lib ole32.lib oleaut32.lib uuid.lib odbc32.lib odbccp32.lib /MANIFEST /ManifestFile:"Release\projet.exe.intermediate.manifest" /MANIFESTUAC:"level='asInvoker' uiAccess='false'" /DEBUG /PDB:"C:\Documents and Settings\Administrateur\Mes documents\Visual Studio 2010\Projects\projet\Release\projet.pdb" /SUBSYSTEM:CONSOLE /OPT:REF /OPT:ICF /LTCG /TLBID:1 /DYNAMICBASE /NXCOMPAT /IMPLIB:"C:\Documents and Settings\Administrateur\Mes documents\Visual Studio 2010\Projects\projet\Release\projet.lib" /MACHINE:X86 Release\projet.obj
  Release\stdafx.obj
  Génération de code en cours
  Fin de la génération du code
  projet.vcxproj -> C:\Documents and Settings\Administrateur\Mes documents\Visual Studio 2010\Projects\projet\Release\projet.exe
Manifest:
  C:\Program Files\Microsoft SDKs\Windows\v7.0A\bin\mt.exe /nologo /verbose /outputresource:"C:\Documents and Settings\Administrateur\Mes documents\Visual Studio 2010\Projects\projet\Release\projet.exe;#1" /manifest Release\projet.exe.intermediate.manifest
FinalizeBuildStatus:
  Suppression du fichier "Release\projet.unsuccessfulbuild".
  Mise à jour de l'horodatage "Release\projet.lastbuildstate".
Génération du projet "C:\Documents and Settings\Administrateur\Mes documents\Visual Studio 2010\Projects\projet\projet\projet.vcxproj" terminée (build cible(s)).

La génération a réussi.

Temps écoulé 00:00:02.12
